TN:
SF:js\app.js
FN:9,(anonymous_0)
FN:19,(anonymous_1)
FN:61,(anonymous_2)
FN:63,(anonymous_3)
FN:64,(anonymous_4)
FN:67,(anonymous_5)
FN:68,(anonymous_6)
FN:69,(anonymous_7)
FN:70,(anonymous_8)
FN:73,(anonymous_9)
FN:74,(anonymous_10)
FN:81,(anonymous_11)
FN:97,(anonymous_12)
FN:120,(anonymous_13)
FN:144,(anonymous_14)
FN:160,(anonymous_15)
FN:170,(anonymous_16)
FN:180,(anonymous_17)
FN:189,(anonymous_18)
FN:201,(anonymous_19)
FNF:20
FNH:0
FNDA:0,(anonymous_0)
FNDA:0,(anonymous_1)
FNDA:0,(anonymous_2)
FNDA:0,(anonymous_3)
FNDA:0,(anonymous_4)
FNDA:0,(anonymous_5)
FNDA:0,(anonymous_6)
FNDA:0,(anonymous_7)
FNDA:0,(anonymous_8)
FNDA:0,(anonymous_9)
FNDA:0,(anonymous_10)
FNDA:0,(anonymous_11)
FNDA:0,(anonymous_12)
FNDA:0,(anonymous_13)
FNDA:0,(anonymous_14)
FNDA:0,(anonymous_15)
FNDA:0,(anonymous_16)
FNDA:0,(anonymous_17)
FNDA:0,(anonymous_18)
FNDA:0,(anonymous_19)
DA:10,0
DA:11,0
DA:12,0
DA:21,0
DA:22,0
DA:25,0
DA:28,0
DA:34,0
DA:39,0
DA:46,0
DA:51,0
DA:63,0
DA:64,0
DA:67,0
DA:68,0
DA:69,0
DA:70,0
DA:73,0
DA:74,0
DA:83,0
DA:85,0
DA:86,0
DA:87,0
DA:88,0
DA:89,0
DA:91,0
DA:98,0
DA:99,0
DA:101,0
DA:102,0
DA:103,0
DA:104,0
DA:105,0
DA:107,0
DA:108,0
DA:109,0
DA:112,0
DA:113,0
DA:121,0
DA:122,0
DA:124,0
DA:125,0
DA:126,0
DA:127,0
DA:128,0
DA:129,0
DA:131,0
DA:132,0
DA:133,0
DA:136,0
DA:137,0
DA:145,0
DA:146,0
DA:147,0
DA:148,0
DA:151,0
DA:152,0
DA:161,0
DA:162,0
DA:163,0
DA:171,0
DA:172,0
DA:173,0
DA:181,0
DA:182,0
DA:190,0
DA:191,0
DA:192,0
DA:194,0
DA:195,0
DA:201,0
DA:202,0
LF:72
LH:0
BRDA:25,0,0,0
BRDA:25,0,1,0
BRDA:102,1,0,0
BRDA:102,1,1,0
BRDA:125,2,0,0
BRDA:125,2,1,0
BRDA:148,3,0,0
BRDA:148,3,1,0
BRDA:149,4,0,0
BRDA:149,4,1,0
BRDA:190,5,0,0
BRDA:190,5,1,0
BRF:12
BRH:0
end_of_record
TN:
SF:js\audioController.js
FN:5,(anonymous_0)
FN:22,(anonymous_1)
FN:44,(anonymous_2)
FN:74,(anonymous_3)
FN:86,(anonymous_4)
FN:104,(anonymous_5)
FN:128,(anonymous_6)
FN:144,(anonymous_7)
FN:158,(anonymous_8)
FN:167,(anonymous_9)
FN:180,(anonymous_10)
FN:187,(anonymous_11)
FN:189,(anonymous_12)
FNF:13
FNH:0
FNDA:0,(anonymous_0)
FNDA:0,(anonymous_1)
FNDA:0,(anonymous_2)
FNDA:0,(anonymous_3)
FNDA:0,(anonymous_4)
FNDA:0,(anonymous_5)
FNDA:0,(anonymous_6)
FNDA:0,(anonymous_7)
FNDA:0,(anonymous_8)
FNDA:0,(anonymous_9)
FNDA:0,(anonymous_10)
FNDA:0,(anonymous_11)
FNDA:0,(anonymous_12)
DA:6,0
DA:7,0
DA:8,0
DA:9,0
DA:10,0
DA:11,0
DA:12,0
DA:13,0
DA:14,0
DA:15,0
DA:23,0
DA:25,0
DA:26,0
DA:32,0
DA:33,0
DA:35,0
DA:36,0
DA:45,0
DA:46,0
DA:49,0
DA:50,0
DA:61,0
DA:62,0
DA:63,0
DA:65,0
DA:66,0
DA:76,0
DA:86,0
DA:87,0
DA:88,0
DA:89,0
DA:90,0
DA:95,0
DA:96,0
DA:106,0
DA:109,0
DA:112,0
DA:119,0
DA:130,0
DA:131,0
DA:132,0
DA:136,0
DA:145,0
DA:146,0
DA:149,0
DA:150,0
DA:151,0
DA:152,0
DA:157,0
DA:158,0
DA:160,0
DA:168,0
DA:169,0
DA:170,0
DA:181,0
DA:188,0
DA:189,0
DA:192,0
DA:193,0
DA:194,0
DA:197,0
DA:198,0
DA:199,0
DA:202,0
DA:203,0
LF:65
LH:0
BRDA:23,0,0,0
BRDA:23,0,1,0
BRDA:26,1,0,0
BRDA:26,1,1,0
BRDA:45,2,0,0
BRDA:45,2,1,0
BRDA:87,3,0,0
BRDA:87,3,1,0
BRDA:89,4,0,0
BRDA:89,4,1,0
BRDA:151,5,0,0
BRDA:151,5,1,0
BRDA:169,6,0,0
BRDA:169,6,1,0
BRDA:188,7,0,0
BRDA:188,7,1,0
BRDA:192,8,0,0
BRDA:192,8,1,0
BRDA:197,9,0,0
BRDA:197,9,1,0
BRF:20
BRH:0
end_of_record
TN:
SF:js\audioVisualizer.js
FN:5,(anonymous_0)
FN:30,(anonymous_1)
FN:46,(anonymous_2)
FN:55,(anonymous_3)
FN:73,(anonymous_4)
FN:113,(anonymous_5)
FN:120,(anonymous_6)
FNF:7
FNH:0
FNDA:0,(anonymous_0)
FNDA:0,(anonymous_1)
FNDA:0,(anonymous_2)
FNDA:0,(anonymous_3)
FNDA:0,(anonymous_4)
FNDA:0,(anonymous_5)
FNDA:0,(anonymous_6)
DA:6,0
DA:7,0
DA:8,0
DA:9,0
DA:11,0
DA:22,0
DA:23,0
DA:31,0
DA:32,0
DA:34,0
DA:35,0
DA:37,0
DA:38,0
DA:39,0
DA:47,0
DA:56,0
DA:57,0
DA:58,0
DA:60,0
DA:62,0
DA:63,0
DA:65,0
DA:66,0
DA:74,0
DA:76,0
DA:78,0
DA:80,0
DA:81,0
DA:83,0
DA:84,0
DA:86,0
DA:87,0
DA:88,0
DA:90,0
DA:91,0
DA:92,0
DA:97,0
DA:98,0
DA:100,0
DA:101,0
DA:102,0
DA:104,0
DA:105,0
DA:114,0
DA:121,0
DA:122,0
DA:123,0
DA:127,0
DA:128,0
DA:129,0
LF:50
LH:0
BRDA:5,0,0,0
BRDA:12,1,0,0
BRDA:12,1,1,0
BRDA:13,2,0,0
BRDA:13,2,1,0
BRDA:14,3,0,0
BRDA:14,3,1,0
BRDA:15,4,0,0
BRDA:15,4,1,0
BRDA:16,5,0,0
BRDA:16,5,1,0
BRDA:17,6,0,0
BRDA:17,6,1,0
BRDA:18,7,0,0
BRDA:18,7,1,0
BRDA:19,8,0,0
BRDA:19,8,1,0
BRDA:31,9,0,0
BRDA:31,9,1,0
BRDA:74,10,0,0
BRDA:74,10,1,0
BRDA:122,11,0,0
BRDA:122,11,1,0
BRF:23
BRH:0
end_of_record
TN:
SF:js\audioWorklet.js
FN:2,(anonymous_0)
FN:9,(anonymous_1)
FN:15,(anonymous_2)
FNF:3
FNH:0
FNDA:0,(anonymous_0)
FNDA:0,(anonymous_1)
FNDA:0,(anonymous_2)
DA:3,0
DA:4,0
DA:5,0
DA:6,0
DA:10,0
DA:11,0
DA:16,0
DA:17,0
DA:19,0
DA:22,0
DA:23,0
DA:26,0
DA:27,0
DA:31,0
DA:32,0
DA:33,0
DA:36,0
DA:41,0
DA:45,0
LF:19
LH:0
BRDA:10,0,0,0
BRDA:10,0,1,0
BRDA:19,1,0,0
BRDA:19,1,1,0
BRDA:19,2,0,0
BRDA:19,2,1,0
BRF:6
BRH:0
end_of_record
TN:
SF:js\bluetoothController.js
FN:9,(anonymous_0)
FN:28,(anonymous_1)
FN:50,(anonymous_2)
FN:86,(anonymous_3)
FN:111,(anonymous_4)
FN:126,(anonymous_5)
FN:131,(anonymous_6)
FN:151,(anonymous_7)
FN:165,(anonymous_8)
FN:169,(anonymous_9)
FN:181,(anonymous_10)
FN:182,(anonymous_11)
FN:183,(anonymous_12)
FN:202,(anonymous_13)
FN:237,(anonymous_14)
FN:254,(anonymous_15)
FN:265,(anonymous_16)
FN:270,(anonymous_17)
FN:296,(anonymous_18)
FN:304,(anonymous_19)
FN:313,(anonymous_20)
FN:314,(anonymous_21)
FN:326,(anonymous_22)
FN:356,(anonymous_23)
FNF:24
FNH:0
FNDA:0,(anonymous_0)
FNDA:0,(anonymous_1)
FNDA:0,(anonymous_2)
FNDA:0,(anonymous_3)
FNDA:0,(anonymous_4)
FNDA:0,(anonymous_5)
FNDA:0,(anonymous_6)
FNDA:0,(anonymous_7)
FNDA:0,(anonymous_8)
FNDA:0,(anonymous_9)
FNDA:0,(anonymous_10)
FNDA:0,(anonymous_11)
FNDA:0,(anonymous_12)
FNDA:0,(anonymous_13)
FNDA:0,(anonymous_14)
FNDA:0,(anonymous_15)
FNDA:0,(anonymous_16)
FNDA:0,(anonymous_17)
FNDA:0,(anonymous_18)
FNDA:0,(anonymous_19)
FNDA:0,(anonymous_20)
FNDA:0,(anonymous_21)
FNDA:0,(anonymous_22)
FNDA:0,(anonymous_23)
DA:4,0
DA:5,0
DA:6,0
DA:10,0
DA:11,0
DA:12,0
DA:13,0
DA:14,0
DA:15,0
DA:16,0
DA:17,0
DA:18,0
DA:19,0
DA:20,0
DA:29,0
DA:30,0
DA:34,0
DA:35,0
DA:36,0
DA:37,0
DA:38,0
DA:41,0
DA:51,0
DA:52,0
DA:55,0
DA:58,0
DA:61,0
DA:70,0
DA:75,0
DA:77,0
DA:78,0
DA:87,0
DA:89,0
DA:97,0
DA:98,0
DA:102,0
DA:105,0
DA:108,0
DA:111,0
DA:112,0
DA:115,0
DA:117,0
DA:118,0
DA:127,0
DA:128,0
DA:131,0
DA:132,0
DA:133,0
DA:134,0
DA:135,0
DA:141,0
DA:152,0
DA:153,0
DA:154,0
DA:166,0
DA:168,0
DA:169,0
DA:171,0
DA:173,0
DA:174,0
DA:176,0
DA:181,0
DA:182,0
DA:183,0
DA:184,0
DA:187,0
DA:194,0
DA:203,0
DA:205,0
DA:206,0
DA:207,0
DA:208,0
DA:216,0
DA:217,0
DA:218,0
DA:220,0
DA:225,0
DA:227,0
DA:228,0
DA:238,0
DA:239,0
DA:240,0
DA:242,0
DA:243,0
DA:255,0
DA:256,0
DA:257,0
DA:266,0
DA:268,0
DA:269,0
DA:270,0
DA:271,0
DA:272,0
DA:273,0
DA:275,0
DA:276,0
DA:277,0
DA:282,0
DA:284,0
DA:285,0
DA:297,0
DA:305,0
DA:314,0
DA:315,0
DA:316,0
DA:318,0
DA:327,0
DA:328,0
DA:329,0
DA:332,0
DA:333,0
DA:336,0
DA:337,0
DA:340,0
DA:341,0
DA:342,0
DA:343,0
DA:344,0
DA:346,0
DA:357,0
LF:120
LH:0
BRDA:29,0,0,0
BRDA:29,0,1,0
BRDA:34,1,0,0
BRDA:34,1,1,0
BRDA:37,2,0,0
BRDA:37,2,1,0
BRDA:97,3,0,0
BRDA:97,3,1,0
BRDA:127,4,0,0
BRDA:127,4,1,0
BRDA:132,5,0,0
BRDA:132,5,1,0
BRDA:166,6,0,0
BRDA:166,6,1,0
BRDA:171,7,0,0
BRDA:171,7,1,0
BRDA:203,8,0,0
BRDA:203,8,1,0
BRDA:210,9,0,0
BRDA:210,9,1,0
BRDA:239,10,0,0
BRDA:239,10,1,0
BRDA:239,11,0,0
BRDA:239,11,1,0
BRDA:256,12,0,0
BRDA:256,12,1,0
BRDA:266,13,0,0
BRDA:266,13,1,0
BRDA:266,14,0,0
BRDA:266,14,1,0
BRDA:276,15,0,0
BRDA:276,15,1,0
BRDA:327,16,0,0
BRDA:327,16,1,0
BRDA:332,17,0,0
BRDA:332,17,1,0
BRDA:336,18,0,0
BRDA:336,18,1,0
BRDA:336,19,0,0
BRDA:336,19,1,0
BRF:40
BRH:0
end_of_record
TN:
SF:js\notificationManager.js
FN:5,(anonymous_0)
FN:18,(anonymous_1)
FN:33,(anonymous_2)
FN:40,(anonymous_3)
FN:50,(anonymous_4)
FN:56,(anonymous_5)
FN:69,(anonymous_6)
FN:79,(anonymous_7)
FN:89,(anonymous_8)
FN:99,(anonymous_9)
FN:115,(anonymous_10)
FN:116,(anonymous_11)
FNF:12
FNH:0
FNDA:0,(anonymous_0)
FNDA:0,(anonymous_1)
FNDA:0,(anonymous_2)
FNDA:0,(anonymous_3)
FNDA:0,(anonymous_4)
FNDA:0,(anonymous_5)
FNDA:0,(anonymous_6)
FNDA:0,(anonymous_7)
FNDA:0,(anonymous_8)
FNDA:0,(anonymous_9)
FNDA:0,(anonymous_10)
FNDA:0,(anonymous_11)
DA:6,0
DA:7,0
DA:8,0
DA:19,0
DA:20,0
DA:21,0
DA:22,0
DA:29,0
DA:30,0
DA:33,0
DA:34,0
DA:35,0
DA:39,0
DA:40,0
DA:43,0
DA:51,0
DA:52,0
DA:53,0
DA:54,0
DA:56,0
DA:57,0
DA:58,0
DA:70,0
DA:80,0
DA:90,0
DA:100,0
DA:102,0
DA:104,0
DA:106,0
DA:108,0
DA:116,0
DA:117,0
LF:32
LH:0
BRDA:18,0,0,0
BRDA:18,1,0,0
BRDA:39,2,0,0
BRDA:39,2,1,0
BRDA:52,3,0,0
BRDA:52,3,1,0
BRDA:69,4,0,0
BRDA:79,5,0,0
BRDA:89,6,0,0
BRDA:100,7,0,0
BRDA:100,7,1,0
BRDA:100,7,2,0
BRDA:100,7,3,0
BRF:13
BRH:0
end_of_record
TN:
SF:js\performanceMonitor.js
FN:5,(anonymous_0)
FN:28,(anonymous_1)
FN:34,(anonymous_2)
FN:36,(anonymous_3)
FN:44,(anonymous_4)
FN:53,(anonymous_5)
FN:69,(anonymous_6)
FN:85,(anonymous_7)
FN:94,(anonymous_8)
FN:139,(anonymous_9)
FN:147,(anonymous_10)
FN:155,(anonymous_11)
FN:164,(anonymous_12)
FN:176,(anonymous_13)
FN:188,(anonymous_14)
FN:194,(anonymous_15)
FN:203,(anonymous_16)
FNF:17
FNH:0
FNDA:0,(anonymous_0)
FNDA:0,(anonymous_1)
FNDA:0,(anonymous_2)
FNDA:0,(anonymous_3)
FNDA:0,(anonymous_4)
FNDA:0,(anonymous_5)
FNDA:0,(anonymous_6)
FNDA:0,(anonymous_7)
FNDA:0,(anonymous_8)
FNDA:0,(anonymous_9)
FNDA:0,(anonymous_10)
FNDA:0,(anonymous_11)
FNDA:0,(anonymous_12)
FNDA:0,(anonymous_13)
FNDA:0,(anonymous_14)
FNDA:0,(anonymous_15)
FNDA:0,(anonymous_16)
DA:6,0
DA:14,0
DA:21,0
DA:22,0
DA:29,0
DA:30,0
DA:33,0
DA:34,0
DA:35,0
DA:36,0
DA:37,0
DA:38,0
DA:44,0
DA:45,0
DA:55,0
DA:56,0
DA:57,0
DA:60,0
DA:61,0
DA:70,0
DA:72,0
DA:73,0
DA:75,0
DA:76,0
DA:78,0
DA:86,0
DA:87,0
DA:95,0
DA:97,0
DA:98,0
DA:105,0
DA:106,0
DA:113,0
DA:114,0
DA:121,0
DA:123,0
DA:130,0
DA:131,0
DA:140,0
DA:148,0
DA:156,0
DA:164,0
DA:165,0
DA:166,0
DA:168,0
DA:177,0
DA:178,0
DA:179,0
DA:189,0
DA:190,0
DA:191,0
DA:195,0
DA:196,0
DA:198,0
DA:199,0
DA:204,0
LF:56
LH:0
BRDA:29,0,0,0
BRDA:29,0,1,0
BRDA:33,1,0,0
BRDA:33,1,1,0
BRDA:55,2,0,0
BRDA:55,2,1,0
BRDA:70,3,0,0
BRDA:70,3,1,0
BRDA:97,4,0,0
BRDA:97,4,1,0
BRDA:105,5,0,0
BRDA:105,5,1,0
BRDA:113,6,0,0
BRDA:113,6,1,0
BRDA:121,7,0,0
BRDA:121,7,1,0
BRDA:121,8,0,0
BRDA:121,8,1,0
BRDA:130,9,0,0
BRDA:130,9,1,0
BRDA:178,10,0,0
BRDA:178,10,1,0
BRDA:198,11,0,0
BRDA:198,11,1,0
BRDA:204,12,0,0
BRDA:204,12,1,0
BRF:26
BRH:0
end_of_record
TN:
SF:js\receiverController.js
FN:5,(anonymous_0)
FN:23,(anonymous_1)
FN:35,(anonymous_2)
FN:49,(anonymous_3)
FN:59,(anonymous_4)
FN:91,(anonymous_5)
FN:115,(anonymous_6)
FN:118,(anonymous_7)
FN:121,(anonymous_8)
FN:145,(anonymous_9)
FN:154,(anonymous_10)
FN:173,(anonymous_11)
FN:183,(anonymous_12)
FN:198,(anonymous_13)
FN:208,(anonymous_14)
FNF:15
FNH:0
FNDA:0,(anonymous_0)
FNDA:0,(anonymous_1)
FNDA:0,(anonymous_2)
FNDA:0,(anonymous_3)
FNDA:0,(anonymous_4)
FNDA:0,(anonymous_5)
FNDA:0,(anonymous_6)
FNDA:0,(anonymous_7)
FNDA:0,(anonymous_8)
FNDA:0,(anonymous_9)
FNDA:0,(anonymous_10)
FNDA:0,(anonymous_11)
FNDA:0,(anonymous_12)
FNDA:0,(anonymous_13)
FNDA:0,(anonymous_14)
DA:6,0
DA:7,0
DA:8,0
DA:9,0
DA:10,0
DA:11,0
DA:12,0
DA:13,0
DA:14,0
DA:15,0
DA:16,0
DA:25,0
DA:26,0
DA:29,0
DA:30,0
DA:31,0
DA:32,0
DA:35,0
DA:36,0
DA:37,0
DA:41,0
DA:42,0
DA:50,0
DA:52,0
DA:59,0
DA:60,0
DA:64,0
DA:65,0
DA:66,0
DA:69,0
DA:70,0
DA:73,0
DA:74,0
DA:75,0
DA:78,0
DA:80,0
DA:81,0
DA:82,0
DA:92,0
DA:94,0
DA:95,0
DA:98,0
DA:105,0
DA:116,0
DA:118,0
DA:119,0
DA:120,0
DA:121,0
DA:123,0
DA:124,0
DA:126,0
DA:129,0
DA:130,0
DA:133,0
DA:138,0
DA:146,0
DA:147,0
DA:155,0
DA:156,0
DA:157,0
DA:160,0
DA:161,0
DA:162,0
DA:163,0
DA:165,0
DA:166,0
DA:174,0
DA:175,0
DA:176,0
DA:184,0
DA:185,0
DA:186,0
DA:188,0
DA:189,0
DA:192,0
DA:199,0
DA:200,0
DA:202,0
DA:209,0
DA:210,0
DA:211,0
DA:213,0
DA:214,0
LF:83
LH:0
BRDA:36,0,0,0
BRDA:36,0,1,0
BRDA:92,1,0,0
BRDA:92,1,1,0
BRDA:116,2,0,0
BRDA:116,2,1,0
BRDA:129,3,0,0
BRDA:129,3,1,0
BRDA:146,4,0,0
BRDA:146,4,1,0
BRDA:155,5,0,0
BRDA:155,5,1,0
BRDA:188,6,0,0
BRDA:188,6,1,0
BRDA:199,7,0,0
BRDA:199,7,1,0
BRDA:199,8,0,0
BRDA:199,8,1,0
BRDA:210,9,0,0
BRDA:210,9,1,0
BRDA:213,10,0,0
BRDA:213,10,1,0
BRF:22
BRH:0
end_of_record
